<?xml version="1.0" encoding="UTF-8"?>
<coverage generated="1554319383202" clover="3.2.0">
  <project timestamp="1554319383203" name="All files">
    <metrics statements="77" coveredstatements="52" conditionals="29" coveredconditionals="10" methods="38" coveredmethods="20" elements="144" coveredelements="82" complexity="0" loc="77" ncloc="77" packages="10" files="17" classes="17"/>
    <package name="components">
      <metrics statements="2" coveredstatements="2" conditionals="0" coveredconditionals="0" methods="1" coveredmethods="1"/>
      <file name="App.jsx" path="/Users/vm137/WORK3/movies-db/src/client/components/App.jsx">
        <metrics statements="2" coveredstatements="2" conditionals="0" coveredconditionals="0" methods="1" coveredmethods="1"/>
        <line num="6" count="1" type="stmt"/>
        <line num="7" count="3" type="stmt"/>
      </file>
    </package>
    <package name="components.ErrorBoundary">
      <metrics statements="8" coveredstatements="6" conditionals="4" coveredconditionals="1" methods="3" coveredmethods="2"/>
      <file name="ErrorBoundary.jsx" path="/Users/vm137/WORK3/movies-db/src/client/components/ErrorBoundary/ErrorBoundary.jsx">
        <metrics statements="8" coveredstatements="6" conditionals="4" coveredconditionals="1" methods="3" coveredmethods="2"/>
        <line num="10" count="1" type="stmt"/>
        <line num="11" count="1" type="stmt"/>
        <line num="15" count="0" type="stmt"/>
        <line num="22" count="1" type="stmt"/>
        <line num="23" count="1" type="stmt"/>
        <line num="24" count="1" type="cond" truecount="1" falsecount="1"/>
        <line num="25" count="0" type="stmt"/>
        <line num="37" count="1" type="stmt"/>
      </file>
      <file name="index.jsx" path="/Users/vm137/WORK3/movies-db/src/client/components/ErrorBoundary/index.jsx">
        <metrics statements="0" coveredstatements="0" conditionals="0" coveredconditionals="0" methods="0" coveredmethods="0"/>
      </file>
    </package>
    <package name="components.Logo">
      <metrics statements="2" coveredstatements="2" conditionals="0" coveredconditionals="0" methods="1" coveredmethods="1"/>
      <file name="Logo.jsx" path="/Users/vm137/WORK3/movies-db/src/client/components/Logo/Logo.jsx">
        <metrics statements="2" coveredstatements="2" conditionals="0" coveredconditionals="0" methods="1" coveredmethods="1"/>
        <line num="4" count="5" type="stmt"/>
        <line num="5" count="7" type="stmt"/>
      </file>
      <file name="index.jsx" path="/Users/vm137/WORK3/movies-db/src/client/components/Logo/index.jsx">
        <metrics statements="0" coveredstatements="0" conditionals="0" coveredconditionals="0" methods="0" coveredmethods="0"/>
      </file>
    </package>
    <package name="components.MainWindow">
      <metrics statements="14" coveredstatements="7" conditionals="7" coveredconditionals="1" methods="7" coveredmethods="2"/>
      <file name="MainWindow.jsx" path="/Users/vm137/WORK3/movies-db/src/client/components/MainWindow/MainWindow.jsx">
        <metrics statements="14" coveredstatements="7" conditionals="7" coveredconditionals="1" methods="7" coveredmethods="2"/>
        <line num="8" count="3" type="stmt"/>
        <line num="9" count="3" type="stmt"/>
        <line num="15" count="3" type="stmt"/>
        <line num="16" count="3" type="stmt"/>
        <line num="17" count="3" type="stmt"/>
        <line num="21" count="0" type="stmt"/>
        <line num="22" count="0" type="stmt"/>
        <line num="24" count="0" type="stmt"/>
        <line num="25" count="0" type="stmt"/>
        <line num="27" count="0" type="stmt"/>
        <line num="35" count="0" type="stmt"/>
        <line num="42" count="0" type="stmt"/>
        <line num="50" count="3" type="stmt"/>
        <line num="52" count="3" type="stmt"/>
      </file>
      <file name="index.jsx" path="/Users/vm137/WORK3/movies-db/src/client/components/MainWindow/index.jsx">
        <metrics statements="0" coveredstatements="0" conditionals="0" coveredconditionals="0" methods="0" coveredmethods="0"/>
      </file>
    </package>
    <package name="components.MovieCard">
      <metrics statements="6" coveredstatements="4" conditionals="0" coveredconditionals="0" methods="4" coveredmethods="2"/>
      <file name="MovieCard.jsx" path="/Users/vm137/WORK3/movies-db/src/client/components/MovieCard/MovieCard.jsx">
        <metrics statements="6" coveredstatements="4" conditionals="0" coveredconditionals="0" methods="4" coveredmethods="2"/>
        <line num="12" count="8" type="stmt"/>
        <line num="13" count="8" type="stmt"/>
        <line num="17" count="0" type="stmt"/>
        <line num="18" count="0" type="stmt"/>
        <line num="22" count="8" type="stmt"/>
        <line num="24" count="8" type="stmt"/>
      </file>
      <file name="index.jsx" path="/Users/vm137/WORK3/movies-db/src/client/components/MovieCard/index.jsx">
        <metrics statements="0" coveredstatements="0" conditionals="0" coveredconditionals="0" methods="0" coveredmethods="0"/>
      </file>
    </package>
    <package name="components.SearchBlock">
      <metrics statements="26" coveredstatements="14" conditionals="14" coveredconditionals="5" methods="13" coveredmethods="4"/>
      <file name="SearchBlock.jsx" path="/Users/vm137/WORK3/movies-db/src/client/components/SearchBlock/SearchBlock.jsx">
        <metrics statements="26" coveredstatements="14" conditionals="14" coveredconditionals="5" methods="13" coveredmethods="4"/>
        <line num="19" count="4" type="stmt"/>
        <line num="20" count="4" type="stmt"/>
        <line num="26" count="4" type="stmt"/>
        <line num="27" count="4" type="stmt"/>
        <line num="28" count="4" type="stmt"/>
        <line num="29" count="4" type="stmt"/>
        <line num="30" count="4" type="stmt"/>
        <line num="34" count="1" type="stmt"/>
        <line num="38" count="0" type="stmt"/>
        <line num="42" count="0" type="stmt"/>
        <line num="43" count="0" type="stmt"/>
        <line num="44" count="0" type="stmt"/>
        <line num="45" count="0" type="cond" truecount="0" falsecount="2"/>
        <line num="46" count="0" type="stmt"/>
        <line num="50" count="0" type="stmt"/>
        <line num="56" count="0" type="stmt"/>
        <line num="57" count="0" type="stmt"/>
        <line num="63" count="0" type="cond" truecount="0" falsecount="2"/>
        <line num="64" count="0" type="stmt"/>
        <line num="69" count="4" type="stmt"/>
        <line num="72" count="4" type="stmt"/>
        <line num="73" count="4" type="cond" truecount="1" falsecount="1"/>
        <line num="74" count="4" type="cond" truecount="1" falsecount="1"/>
        <line num="76" count="4" type="stmt"/>
        <line num="86" count="0" type="stmt"/>
        <line num="88" count="1" type="stmt"/>
      </file>
      <file name="index.jsx" path="/Users/vm137/WORK3/movies-db/src/client/components/SearchBlock/index.jsx">
        <metrics statements="0" coveredstatements="0" conditionals="0" coveredconditionals="0" methods="0" coveredmethods="0"/>
      </file>
    </package>
    <package name="components.SearchResults">
      <metrics statements="4" coveredstatements="4" conditionals="0" coveredconditionals="0" methods="2" coveredmethods="2"/>
      <file name="SearchResults.jsx" path="/Users/vm137/WORK3/movies-db/src/client/components/SearchResults/SearchResults.jsx">
        <metrics statements="4" coveredstatements="4" conditionals="0" coveredconditionals="0" methods="2" coveredmethods="2"/>
        <line num="6" count="4" type="stmt"/>
        <line num="7" count="2" type="stmt"/>
        <line num="9" count="4" type="stmt"/>
        <line num="14" count="4" type="stmt"/>
      </file>
      <file name="index.jsx" path="/Users/vm137/WORK3/movies-db/src/client/components/SearchResults/index.jsx">
        <metrics statements="0" coveredstatements="0" conditionals="0" coveredconditionals="0" methods="0" coveredmethods="0"/>
      </file>
    </package>
    <package name="components.SingleMovie">
      <metrics statements="12" coveredstatements="10" conditionals="2" coveredconditionals="1" methods="6" coveredmethods="5"/>
      <file name="SingleMovie.jsx" path="/Users/vm137/WORK3/movies-db/src/client/components/SingleMovie/SingleMovie.jsx">
        <metrics statements="12" coveredstatements="10" conditionals="2" coveredconditionals="1" methods="6" coveredmethods="5"/>
        <line num="13" count="2" type="stmt"/>
        <line num="14" count="2" type="stmt"/>
        <line num="17" count="2" type="stmt"/>
        <line num="21" count="1" type="stmt"/>
        <line num="22" count="1" type="stmt"/>
        <line num="24" count="1" type="stmt"/>
        <line num="25" count="1" type="stmt"/>
        <line num="27" count="1" type="stmt"/>
        <line num="34" count="0" type="stmt"/>
        <line num="35" count="0" type="stmt"/>
        <line num="39" count="3" type="stmt"/>
        <line num="41" count="3" type="stmt"/>
      </file>
      <file name="index.jsx" path="/Users/vm137/WORK3/movies-db/src/client/components/SingleMovie/index.jsx">
        <metrics statements="0" coveredstatements="0" conditionals="0" coveredconditionals="0" methods="0" coveredmethods="0"/>
      </file>
    </package>
    <package name="components.Utils">
      <metrics statements="2" coveredstatements="2" conditionals="2" coveredconditionals="2" methods="1" coveredmethods="1"/>
      <file name="Utils.jsx" path="/Users/vm137/WORK3/movies-db/src/client/components/Utils/Utils.jsx">
        <metrics statements="2" coveredstatements="2" conditionals="2" coveredconditionals="2" methods="1" coveredmethods="1"/>
        <line num="5" count="2" type="cond" truecount="2" falsecount="0"/>
        <line num="6" count="1" type="stmt"/>
      </file>
    </package>
    <package name="components.constants">
      <metrics statements="1" coveredstatements="1" conditionals="0" coveredconditionals="0" methods="0" coveredmethods="0"/>
      <file name="constants.js" path="/Users/vm137/WORK3/movies-db/src/client/components/constants/constants.js">
        <metrics statements="1" coveredstatements="1" conditionals="0" coveredconditionals="0" methods="0" coveredmethods="0"/>
        <line num="1" count="3" type="stmt"/>
      </file>
    </package>
  </project>
</coverage>
