{"/Users/vm137/WORK3/movies-db/src/client/components/App.jsx": {"path":"/Users/vm137/WORK3/movies-db/src/client/components/App.jsx","statementMap":{"0":{"start":{"line":6,"column":12},"end":{"line":14,"column":1}},"1":{"start":{"line":7,"column":2},"end":{"line":13,"column":8}}},"fnMap":{"0":{"name":"(anonymous_0)","decl":{"start":{"line":6,"column":12},"end":{"line":6,"column":13}},"loc":{"start":{"line":7,"column":2},"end":{"line":13,"column":8}},"line":7}},"branchMap":{},"s":{"0":1,"1":3},"f":{"0":3},"b":{},"_coverageSchema":"43e27e138ebf9cfc5966b082cf9a028302ed4184","hash":"c15574da09f35a1473d897e988a93e9b32eb320e"}
,"/Users/vm137/WORK3/movies-db/src/client/components/ErrorBoundary/ErrorBoundary.jsx": {"path":"/Users/vm137/WORK3/movies-db/src/client/components/ErrorBoundary/ErrorBoundary.jsx","statementMap":{"0":{"start":{"line":10,"column":4},"end":{"line":10,"column":17}},"1":{"start":{"line":11,"column":4},"end":{"line":11,"column":50}},"2":{"start":{"line":15,"column":4},"end":{"line":18,"column":7}},"3":{"start":{"line":22,"column":25},"end":{"line":22,"column":35}},"4":{"start":{"line":23,"column":33},"end":{"line":23,"column":43}},"5":{"start":{"line":24,"column":4},"end":{"line":35,"column":5}},"6":{"start":{"line":25,"column":6},"end":{"line":34,"column":8}},"7":{"start":{"line":37,"column":4},"end":{"line":37,"column":20}}},"fnMap":{"0":{"name":"(anonymous_0)","decl":{"start":{"line":9,"column":2},"end":{"line":9,"column":3}},"loc":{"start":{"line":9,"column":21},"end":{"line":12,"column":3}},"line":9},"1":{"name":"(anonymous_1)","decl":{"start":{"line":14,"column":2},"end":{"line":14,"column":3}},"loc":{"start":{"line":14,"column":33},"end":{"line":19,"column":3}},"line":14},"2":{"name":"(anonymous_2)","decl":{"start":{"line":21,"column":2},"end":{"line":21,"column":3}},"loc":{"start":{"line":21,"column":11},"end":{"line":38,"column":3}},"line":21}},"branchMap":{"0":{"loc":{"start":{"line":24,"column":4},"end":{"line":35,"column":5}},"type":"if","locations":[{"start":{"line":24,"column":4},"end":{"line":35,"column":5}},{"start":{"line":24,"column":4},"end":{"line":35,"column":5}}],"line":24},"1":{"loc":{"start":{"line":29,"column":13},"end":{"line":29,"column":38}},"type":"binary-expr","locations":[{"start":{"line":29,"column":13},"end":{"line":29,"column":18}},{"start":{"line":29,"column":22},"end":{"line":29,"column":38}}],"line":29}},"s":{"0":1,"1":1,"2":0,"3":1,"4":1,"5":1,"6":0,"7":1},"f":{"0":1,"1":0,"2":1},"b":{"0":[0,1],"1":[0,0]},"_coverageSchema":"43e27e138ebf9cfc5966b082cf9a028302ed4184","hash":"45d1c7cb6a53cece6d6bd05bb23523fdd0a91116"}
,"/Users/vm137/WORK3/movies-db/src/client/components/ErrorBoundary/index.jsx": {"path":"/Users/vm137/WORK3/movies-db/src/client/components/ErrorBoundary/index.jsx","statementMap":{},"fnMap":{},"branchMap":{},"s":{},"f":{},"b":{},"_coverageSchema":"43e27e138ebf9cfc5966b082cf9a028302ed4184","hash":"4105eb3387d1eb3b58d563db118cc159f4619bd9"}
,"/Users/vm137/WORK3/movies-db/src/client/components/Logo/Logo.jsx": {"path":"/Users/vm137/WORK3/movies-db/src/client/components/Logo/Logo.jsx","statementMap":{"0":{"start":{"line":4,"column":13},"end":{"line":6,"column":1}},"1":{"start":{"line":5,"column":2},"end":{"line":5,"column":41}}},"fnMap":{"0":{"name":"(anonymous_0)","decl":{"start":{"line":4,"column":13},"end":{"line":4,"column":14}},"loc":{"start":{"line":5,"column":2},"end":{"line":5,"column":41}},"line":5}},"branchMap":{},"s":{"0":5,"1":7},"f":{"0":7},"b":{},"_coverageSchema":"43e27e138ebf9cfc5966b082cf9a028302ed4184","hash":"c373684b413e0497a661a92c13d2404a63b6b8c4"}
,"/Users/vm137/WORK3/movies-db/src/client/components/Logo/index.jsx": {"path":"/Users/vm137/WORK3/movies-db/src/client/components/Logo/index.jsx","statementMap":{},"fnMap":{},"branchMap":{},"s":{},"f":{},"b":{},"_coverageSchema":"43e27e138ebf9cfc5966b082cf9a028302ed4184","hash":"745003f013b8b9d27a95e9e600739c232cd81224"}
,"/Users/vm137/WORK3/movies-db/src/client/components/MainWindow/MainWindow.jsx": {"path":"/Users/vm137/WORK3/movies-db/src/client/components/MainWindow/MainWindow.jsx","statementMap":{"0":{"start":{"line":8,"column":4},"end":{"line":8,"column":17}},"1":{"start":{"line":9,"column":4},"end":{"line":14,"column":6}},"2":{"start":{"line":15,"column":4},"end":{"line":15,"column":47}},"3":{"start":{"line":16,"column":4},"end":{"line":16,"column":65}},"4":{"start":{"line":17,"column":4},"end":{"line":17,"column":65}},"5":{"start":{"line":21,"column":21},"end":{"line":21,"column":64}},"6":{"start":{"line":22,"column":4},"end":{"line":22,"column":97}},"7":{"start":{"line":24,"column":4},"end":{"line":31,"column":9}},"8":{"start":{"line":25,"column":24},"end":{"line":25,"column":39}},"9":{"start":{"line":27,"column":8},"end":{"line":30,"column":11}},"10":{"start":{"line":35,"column":4},"end":{"line":38,"column":7}},"11":{"start":{"line":42,"column":4},"end":{"line":44,"column":7}},"12":{"start":{"line":50,"column":8},"end":{"line":50,"column":18}},"13":{"start":{"line":52,"column":4},"end":{"line":72,"column":6}}},"fnMap":{"0":{"name":"(anonymous_0)","decl":{"start":{"line":7,"column":2},"end":{"line":7,"column":3}},"loc":{"start":{"line":7,"column":21},"end":{"line":18,"column":3}},"line":7},"1":{"name":"(anonymous_1)","decl":{"start":{"line":20,"column":2},"end":{"line":20,"column":3}},"loc":{"start":{"line":20,"column":71},"end":{"line":32,"column":3}},"line":20},"2":{"name":"(anonymous_2)","decl":{"start":{"line":25,"column":12},"end":{"line":25,"column":13}},"loc":{"start":{"line":25,"column":24},"end":{"line":25,"column":39}},"line":25},"3":{"name":"(anonymous_3)","decl":{"start":{"line":26,"column":12},"end":{"line":26,"column":13}},"loc":{"start":{"line":26,"column":24},"end":{"line":31,"column":7}},"line":26},"4":{"name":"(anonymous_4)","decl":{"start":{"line":34,"column":2},"end":{"line":34,"column":3}},"loc":{"start":{"line":34,"column":25},"end":{"line":39,"column":3}},"line":34},"5":{"name":"(anonymous_5)","decl":{"start":{"line":41,"column":2},"end":{"line":41,"column":3}},"loc":{"start":{"line":41,"column":23},"end":{"line":45,"column":3}},"line":41},"6":{"name":"(anonymous_6)","decl":{"start":{"line":47,"column":2},"end":{"line":47,"column":3}},"loc":{"start":{"line":47,"column":11},"end":{"line":73,"column":3}},"line":47}},"branchMap":{"0":{"loc":{"start":{"line":20,"column":12},"end":{"line":20,"column":29}},"type":"default-arg","locations":[{"start":{"line":20,"column":27},"end":{"line":20,"column":29}}],"line":20},"1":{"loc":{"start":{"line":20,"column":31},"end":{"line":20,"column":44}},"type":"default-arg","locations":[{"start":{"line":20,"column":42},"end":{"line":20,"column":44}}],"line":20},"2":{"loc":{"start":{"line":20,"column":46},"end":{"line":20,"column":57}},"type":"default-arg","locations":[{"start":{"line":20,"column":55},"end":{"line":20,"column":57}}],"line":20},"3":{"loc":{"start":{"line":20,"column":59},"end":{"line":20,"column":69}},"type":"default-arg","locations":[{"start":{"line":20,"column":67},"end":{"line":20,"column":69}}],"line":20},"4":{"loc":{"start":{"line":49,"column":27},"end":{"line":49,"column":48}},"type":"default-arg","locations":[{"start":{"line":49,"column":47},"end":{"line":49,"column":48}}],"line":49},"5":{"loc":{"start":{"line":54,"column":10},"end":{"line":69,"column":11}},"type":"cond-expr","locations":[{"start":{"line":56,"column":12},"end":{"line":61,"column":14}},{"start":{"line":64,"column":12},"end":{"line":68,"column":14}}],"line":54}},"s":{"0":3,"1":3,"2":3,"3":3,"4":3,"5":0,"6":0,"7":0,"8":0,"9":0,"10":0,"11":0,"12":3,"13":3},"f":{"0":3,"1":0,"2":0,"3":0,"4":0,"5":0,"6":3},"b":{"0":[0],"1":[0],"2":[0],"3":[0],"4":[0],"5":[3,0]},"_coverageSchema":"43e27e138ebf9cfc5966b082cf9a028302ed4184","hash":"db29f4e4c440b4ed58d68ce588a316641c32ce1d"}
,"/Users/vm137/WORK3/movies-db/src/client/components/MainWindow/index.jsx": {"path":"/Users/vm137/WORK3/movies-db/src/client/components/MainWindow/index.jsx","statementMap":{},"fnMap":{},"branchMap":{},"s":{},"f":{},"b":{},"_coverageSchema":"43e27e138ebf9cfc5966b082cf9a028302ed4184","hash":"ae4ccba6099c95cd80f201c03f685befdc539dd7"}
,"/Users/vm137/WORK3/movies-db/src/client/components/MovieCard/MovieCard.jsx": {"path":"/Users/vm137/WORK3/movies-db/src/client/components/MovieCard/MovieCard.jsx","statementMap":{"0":{"start":{"line":12,"column":4},"end":{"line":12,"column":17}},"1":{"start":{"line":13,"column":4},"end":{"line":13,"column":51}},"2":{"start":{"line":17,"column":28},"end":{"line":17,"column":38}},"3":{"start":{"line":18,"column":4},"end":{"line":18,"column":19}},"4":{"start":{"line":22,"column":19},"end":{"line":22,"column":29}},"5":{"start":{"line":24,"column":4},"end":{"line":35,"column":6}}},"fnMap":{"0":{"name":"(anonymous_0)","decl":{"start":{"line":11,"column":2},"end":{"line":11,"column":3}},"loc":{"start":{"line":11,"column":21},"end":{"line":14,"column":3}},"line":11},"1":{"name":"(anonymous_1)","decl":{"start":{"line":16,"column":2},"end":{"line":16,"column":3}},"loc":{"start":{"line":16,"column":16},"end":{"line":19,"column":3}},"line":16},"2":{"name":"(anonymous_2)","decl":{"start":{"line":21,"column":2},"end":{"line":21,"column":3}},"loc":{"start":{"line":21,"column":11},"end":{"line":36,"column":3}},"line":21},"3":{"name":"(anonymous_3)","decl":{"start":{"line":25,"column":77},"end":{"line":25,"column":78}},"loc":{"start":{"line":25,"column":83},"end":{"line":25,"column":85}},"line":25}},"branchMap":{},"s":{"0":8,"1":8,"2":0,"3":0,"4":8,"5":8},"f":{"0":8,"1":0,"2":8,"3":0},"b":{},"_coverageSchema":"43e27e138ebf9cfc5966b082cf9a028302ed4184","hash":"9a5a862ae248b3f648e3eef7f7b8ac3f74ce4687"}
,"/Users/vm137/WORK3/movies-db/src/client/components/MovieCard/index.jsx": {"path":"/Users/vm137/WORK3/movies-db/src/client/components/MovieCard/index.jsx","statementMap":{},"fnMap":{},"branchMap":{},"s":{},"f":{},"b":{},"_coverageSchema":"43e27e138ebf9cfc5966b082cf9a028302ed4184","hash":"0984fc9492374ec00aabd7434a7b25a7f8646c8e"}
,"/Users/vm137/WORK3/movies-db/src/client/components/SearchBlock/SearchBlock.jsx": {"path":"/Users/vm137/WORK3/movies-db/src/client/components/SearchBlock/SearchBlock.jsx","statementMap":{"0":{"start":{"line":19,"column":4},"end":{"line":19,"column":17}},"1":{"start":{"line":20,"column":4},"end":{"line":25,"column":6}},"2":{"start":{"line":26,"column":4},"end":{"line":26,"column":39}},"3":{"start":{"line":27,"column":4},"end":{"line":27,"column":53}},"4":{"start":{"line":28,"column":4},"end":{"line":28,"column":49}},"5":{"start":{"line":29,"column":4},"end":{"line":29,"column":77}},"6":{"start":{"line":30,"column":4},"end":{"line":30,"column":63}},"7":{"start":{"line":34,"column":4},"end":{"line":34,"column":27}},"8":{"start":{"line":38,"column":4},"end":{"line":38,"column":90}},"9":{"start":{"line":38,"column":32},"end":{"line":38,"column":87}},"10":{"start":{"line":42,"column":4},"end":{"line":42,"column":41}},"11":{"start":{"line":43,"column":48},"end":{"line":43,"column":58}},"12":{"start":{"line":44,"column":25},"end":{"line":44,"column":35}},"13":{"start":{"line":45,"column":21},"end":{"line":45,"column":61}},"14":{"start":{"line":46,"column":4},"end":{"line":46,"column":35}},"15":{"start":{"line":50,"column":4},"end":{"line":52,"column":7}},"16":{"start":{"line":56,"column":30},"end":{"line":56,"column":40}},"17":{"start":{"line":57,"column":4},"end":{"line":59,"column":7}},"18":{"start":{"line":63,"column":4},"end":{"line":65,"column":5}},"19":{"start":{"line":64,"column":6},"end":{"line":64,"column":24}},"20":{"start":{"line":69,"column":51},"end":{"line":69,"column":61}},"21":{"start":{"line":72,"column":8},"end":{"line":72,"column":18}},"22":{"start":{"line":73,"column":29},"end":{"line":73,"column":83}},"23":{"start":{"line":74,"column":28},"end":{"line":74,"column":82}},"24":{"start":{"line":76,"column":4},"end":{"line":158,"column":6}},"25":{"start":{"line":86,"column":33},"end":{"line":86,"column":59}},"26":{"start":{"line":88,"column":34},"end":{"line":88,"column":57}}},"fnMap":{"0":{"name":"(anonymous_0)","decl":{"start":{"line":18,"column":2},"end":{"line":18,"column":3}},"loc":{"start":{"line":18,"column":21},"end":{"line":31,"column":3}},"line":18},"1":{"name":"(anonymous_1)","decl":{"start":{"line":33,"column":2},"end":{"line":33,"column":3}},"loc":{"start":{"line":33,"column":22},"end":{"line":35,"column":3}},"line":33},"2":{"name":"(anonymous_2)","decl":{"start":{"line":37,"column":2},"end":{"line":37,"column":3}},"loc":{"start":{"line":37,"column":29},"end":{"line":39,"column":3}},"line":37},"3":{"name":"(anonymous_3)","decl":{"start":{"line":38,"column":18},"end":{"line":38,"column":19}},"loc":{"start":{"line":38,"column":32},"end":{"line":38,"column":87}},"line":38},"4":{"name":"(anonymous_4)","decl":{"start":{"line":41,"column":2},"end":{"line":41,"column":3}},"loc":{"start":{"line":41,"column":15},"end":{"line":47,"column":3}},"line":41},"5":{"name":"(anonymous_5)","decl":{"start":{"line":49,"column":2},"end":{"line":49,"column":3}},"loc":{"start":{"line":49,"column":24},"end":{"line":53,"column":3}},"line":49},"6":{"name":"(anonymous_6)","decl":{"start":{"line":55,"column":2},"end":{"line":55,"column":3}},"loc":{"start":{"line":55,"column":22},"end":{"line":60,"column":3}},"line":55},"7":{"name":"(anonymous_7)","decl":{"start":{"line":62,"column":2},"end":{"line":62,"column":3}},"loc":{"start":{"line":62,"column":20},"end":{"line":66,"column":3}},"line":62},"8":{"name":"(anonymous_8)","decl":{"start":{"line":68,"column":2},"end":{"line":68,"column":3}},"loc":{"start":{"line":68,"column":11},"end":{"line":159,"column":3}},"line":68},"9":{"name":"(anonymous_9)","decl":{"start":{"line":86,"column":26},"end":{"line":86,"column":27}},"loc":{"start":{"line":86,"column":33},"end":{"line":86,"column":59}},"line":86},"10":{"name":"(anonymous_10)","decl":{"start":{"line":88,"column":21},"end":{"line":88,"column":22}},"loc":{"start":{"line":88,"column":32},"end":{"line":88,"column":59}},"line":88},"11":{"name":"(anonymous_11)","decl":{"start":{"line":135,"column":26},"end":{"line":135,"column":27}},"loc":{"start":{"line":135,"column":32},"end":{"line":135,"column":34}},"line":135},"12":{"name":"(anonymous_12)","decl":{"start":{"line":145,"column":26},"end":{"line":145,"column":27}},"loc":{"start":{"line":145,"column":32},"end":{"line":145,"column":34}},"line":145}},"branchMap":{"0":{"loc":{"start":{"line":45,"column":21},"end":{"line":45,"column":61}},"type":"cond-expr","locations":[{"start":{"line":45,"column":43},"end":{"line":45,"column":50}},{"start":{"line":45,"column":53},"end":{"line":45,"column":61}}],"line":45},"1":{"loc":{"start":{"line":63,"column":4},"end":{"line":65,"column":5}},"type":"if","locations":[{"start":{"line":63,"column":4},"end":{"line":65,"column":5}},{"start":{"line":63,"column":4},"end":{"line":65,"column":5}}],"line":63},"2":{"loc":{"start":{"line":73,"column":29},"end":{"line":73,"column":83}},"type":"cond-expr","locations":[{"start":{"line":73,"column":45},"end":{"line":73,"column":62}},{"start":{"line":73,"column":65},"end":{"line":73,"column":83}}],"line":73},"3":{"loc":{"start":{"line":74,"column":28},"end":{"line":74,"column":82}},"type":"cond-expr","locations":[{"start":{"line":74,"column":44},"end":{"line":74,"column":62}},{"start":{"line":74,"column":65},"end":{"line":74,"column":82}}],"line":74},"4":{"loc":{"start":{"line":98,"column":52},"end":{"line":98,"column":102}},"type":"cond-expr","locations":[{"start":{"line":98,"column":74},"end":{"line":98,"column":86}},{"start":{"line":98,"column":89},"end":{"line":98,"column":102}}],"line":98},"5":{"loc":{"start":{"line":106,"column":52},"end":{"line":106,"column":103}},"type":"cond-expr","locations":[{"start":{"line":106,"column":75},"end":{"line":106,"column":87}},{"start":{"line":106,"column":90},"end":{"line":106,"column":103}}],"line":106},"6":{"loc":{"start":{"line":154,"column":9},"end":{"line":156,"column":9}},"type":"binary-expr","locations":[{"start":{"line":154,"column":9},"end":{"line":154,"column":20}},{"start":{"line":155,"column":8},"end":{"line":155,"column":59}}],"line":154}},"s":{"0":4,"1":4,"2":4,"3":4,"4":4,"5":4,"6":4,"7":1,"8":0,"9":0,"10":0,"11":0,"12":0,"13":0,"14":0,"15":0,"16":0,"17":0,"18":0,"19":0,"20":4,"21":4,"22":4,"23":4,"24":4,"25":0,"26":1},"f":{"0":4,"1":1,"2":0,"3":0,"4":0,"5":0,"6":0,"7":0,"8":4,"9":0,"10":1,"11":0,"12":0},"b":{"0":[0,0],"1":[0,0],"2":[4,0],"3":[4,0],"4":[4,0],"5":[0,4],"6":[4,0]},"_coverageSchema":"43e27e138ebf9cfc5966b082cf9a028302ed4184","hash":"a3765a43980903d2e109d9d39b524473036cfb62"}
,"/Users/vm137/WORK3/movies-db/src/client/components/SearchBlock/index.jsx": {"path":"/Users/vm137/WORK3/movies-db/src/client/components/SearchBlock/index.jsx","statementMap":{},"fnMap":{},"branchMap":{},"s":{},"f":{},"b":{},"_coverageSchema":"43e27e138ebf9cfc5966b082cf9a028302ed4184","hash":"9da26706ae0fc571a6742cec163d1900e1b39096"}
,"/Users/vm137/WORK3/movies-db/src/client/components/SearchResults/SearchResults.jsx": {"path":"/Users/vm137/WORK3/movies-db/src/client/components/SearchResults/SearchResults.jsx","statementMap":{"0":{"start":{"line":6,"column":22},"end":{"line":12,"column":1}},"1":{"start":{"line":7,"column":2},"end":{"line":11,"column":8}},"2":{"start":{"line":9,"column":6},"end":{"line":9,"column":63}},"3":{"start":{"line":14,"column":0},"end":{"line":17,"column":2}}},"fnMap":{"0":{"name":"(anonymous_0)","decl":{"start":{"line":6,"column":22},"end":{"line":6,"column":23}},"loc":{"start":{"line":7,"column":2},"end":{"line":11,"column":8}},"line":7},"1":{"name":"(anonymous_1)","decl":{"start":{"line":8,"column":18},"end":{"line":8,"column":19}},"loc":{"start":{"line":9,"column":6},"end":{"line":9,"column":63}},"line":9}},"branchMap":{},"s":{"0":4,"1":2,"2":4,"3":4},"f":{"0":2,"1":4},"b":{},"_coverageSchema":"43e27e138ebf9cfc5966b082cf9a028302ed4184","hash":"374285fa26f2d948292f67fb7eb5e254851740f5"}
,"/Users/vm137/WORK3/movies-db/src/client/components/SearchResults/index.jsx": {"path":"/Users/vm137/WORK3/movies-db/src/client/components/SearchResults/index.jsx","statementMap":{},"fnMap":{},"branchMap":{},"s":{},"f":{},"b":{},"_coverageSchema":"43e27e138ebf9cfc5966b082cf9a028302ed4184","hash":"144548dcf27612af88d10e6f9f58c7a99e92a3d8"}
,"/Users/vm137/WORK3/movies-db/src/client/components/SingleMovie/SingleMovie.jsx": {"path":"/Users/vm137/WORK3/movies-db/src/client/components/SingleMovie/SingleMovie.jsx","statementMap":{"0":{"start":{"line":13,"column":4},"end":{"line":13,"column":17}},"1":{"start":{"line":14,"column":4},"end":{"line":16,"column":6}},"2":{"start":{"line":17,"column":4},"end":{"line":17,"column":51}},"3":{"start":{"line":21,"column":24},"end":{"line":21,"column":34}},"4":{"start":{"line":22,"column":23},"end":{"line":22,"column":77}},"5":{"start":{"line":24,"column":4},"end":{"line":30,"column":9}},"6":{"start":{"line":25,"column":24},"end":{"line":25,"column":39}},"7":{"start":{"line":27,"column":8},"end":{"line":29,"column":11}},"8":{"start":{"line":34,"column":24},"end":{"line":34,"column":34}},"9":{"start":{"line":35,"column":4},"end":{"line":35,"column":19}},"10":{"start":{"line":39,"column":22},"end":{"line":39,"column":32}},"11":{"start":{"line":41,"column":4},"end":{"line":62,"column":6}}},"fnMap":{"0":{"name":"(anonymous_0)","decl":{"start":{"line":12,"column":2},"end":{"line":12,"column":3}},"loc":{"start":{"line":12,"column":21},"end":{"line":18,"column":3}},"line":12},"1":{"name":"(anonymous_1)","decl":{"start":{"line":20,"column":2},"end":{"line":20,"column":3}},"loc":{"start":{"line":20,"column":22},"end":{"line":31,"column":3}},"line":20},"2":{"name":"(anonymous_2)","decl":{"start":{"line":25,"column":12},"end":{"line":25,"column":13}},"loc":{"start":{"line":25,"column":24},"end":{"line":25,"column":39}},"line":25},"3":{"name":"(anonymous_3)","decl":{"start":{"line":26,"column":12},"end":{"line":26,"column":13}},"loc":{"start":{"line":26,"column":24},"end":{"line":30,"column":7}},"line":26},"4":{"name":"(anonymous_4)","decl":{"start":{"line":33,"column":2},"end":{"line":33,"column":3}},"loc":{"start":{"line":33,"column":16},"end":{"line":36,"column":3}},"line":33},"5":{"name":"(anonymous_5)","decl":{"start":{"line":38,"column":2},"end":{"line":38,"column":3}},"loc":{"start":{"line":38,"column":11},"end":{"line":63,"column":3}},"line":38}},"branchMap":{"0":{"loc":{"start":{"line":51,"column":41},"end":{"line":51,"column":96}},"type":"binary-expr","locations":[{"start":{"line":51,"column":41},"end":{"line":51,"column":59}},{"start":{"line":51,"column":63},"end":{"line":51,"column":96}}],"line":51}},"s":{"0":2,"1":2,"2":2,"3":1,"4":1,"5":1,"6":1,"7":1,"8":0,"9":0,"10":3,"11":3},"f":{"0":2,"1":1,"2":1,"3":1,"4":0,"5":3},"b":{"0":[3,0]},"_coverageSchema":"43e27e138ebf9cfc5966b082cf9a028302ed4184","hash":"0f0bde45f6c35fb59640d511c74aae62bf696f7f"}
,"/Users/vm137/WORK3/movies-db/src/client/components/SingleMovie/index.jsx": {"path":"/Users/vm137/WORK3/movies-db/src/client/components/SingleMovie/index.jsx","statementMap":{},"fnMap":{},"branchMap":{},"s":{},"f":{},"b":{},"_coverageSchema":"43e27e138ebf9cfc5966b082cf9a028302ed4184","hash":"ba669ddfb5f6d393b5efdc8f0896c434ca75db05"}
,"/Users/vm137/WORK3/movies-db/src/client/components/Utils/Utils.jsx": {"path":"/Users/vm137/WORK3/movies-db/src/client/components/Utils/Utils.jsx","statementMap":{"0":{"start":{"line":5,"column":4},"end":{"line":7,"column":5}},"1":{"start":{"line":6,"column":6},"end":{"line":6,"column":25}}},"fnMap":{"0":{"name":"(anonymous_0)","decl":{"start":{"line":4,"column":2},"end":{"line":4,"column":3}},"loc":{"start":{"line":4,"column":30},"end":{"line":8,"column":3}},"line":4}},"branchMap":{"0":{"loc":{"start":{"line":5,"column":4},"end":{"line":7,"column":5}},"type":"if","locations":[{"start":{"line":5,"column":4},"end":{"line":7,"column":5}},{"start":{"line":5,"column":4},"end":{"line":7,"column":5}}],"line":5}},"s":{"0":2,"1":1},"f":{"0":2},"b":{"0":[1,1]},"_coverageSchema":"43e27e138ebf9cfc5966b082cf9a028302ed4184","hash":"a17cda0ce7f122a59d5d0b6897d92a7ffd9ccc18"}
,"/Users/vm137/WORK3/movies-db/src/client/components/constants/constants.js": {"path":"/Users/vm137/WORK3/movies-db/src/client/components/constants/constants.js","statementMap":{"0":{"start":{"line":1,"column":14},"end":{"line":4,"column":1}}},"fnMap":{},"branchMap":{},"s":{"0":3},"f":{},"b":{},"_coverageSchema":"43e27e138ebf9cfc5966b082cf9a028302ed4184","hash":"b5488b86d696e589dc1cfb2ff327107b7e33fb39"}
}
