TN:
SF:/Users/vm137/WORK3/movies-db/src/client/components/Logo/Logo.jsx
FN:4,(anonymous_0)
FNF:1
FNH:1
FNDA:1,(anonymous_0)
DA:4,1
DA:5,1
LF:2
LH:2
BRF:0
BRH:0
end_of_record
TN:
SF:/Users/vm137/WORK3/movies-db/src/client/components/MovieCard/MovieCard.jsx
FN:11,(anonymous_0)
FN:16,(anonymous_1)
FN:21,(anonymous_2)
FN:25,(anonymous_3)
FNF:4
FNH:2
FNDA:4,(anonymous_0)
FNDA:0,(anonymous_1)
FNDA:4,(anonymous_2)
FNDA:0,(anonymous_3)
DA:12,4
DA:13,4
DA:17,0
DA:18,0
DA:22,4
DA:24,4
LF:6
LH:4
BRF:0
BRH:0
end_of_record
