TN:
SF:/Users/vm137/WORK3/movies-db/src/client/components/App.jsx
FN:6,(anonymous_0)
FNF:1
FNH:1
FNDA:3,(anonymous_0)
DA:6,1
DA:7,3
LF:2
LH:2
BRF:0
BRH:0
end_of_record
TN:
SF:/Users/vm137/WORK3/movies-db/src/client/components/ErrorBoundary/ErrorBoundary.jsx
FN:9,(anonymous_0)
FN:14,(anonymous_1)
FN:21,(anonymous_2)
FNF:3
FNH:2
FNDA:1,(anonymous_0)
FNDA:0,(anonymous_1)
FNDA:1,(anonymous_2)
DA:10,1
DA:11,1
DA:15,0
DA:22,1
DA:23,1
DA:24,1
DA:25,0
DA:37,1
LF:8
LH:6
BRDA:24,0,0,0
BRDA:24,0,1,1
BRDA:29,1,0,0
BRDA:29,1,1,0
BRF:4
BRH:1
end_of_record
TN:
SF:/Users/vm137/WORK3/movies-db/src/client/components/ErrorBoundary/index.jsx
FNF:0
FNH:0
LF:0
LH:0
BRF:0
BRH:0
end_of_record
TN:
SF:/Users/vm137/WORK3/movies-db/src/client/components/Logo/Logo.jsx
FN:4,(anonymous_0)
FNF:1
FNH:1
FNDA:7,(anonymous_0)
DA:4,5
DA:5,7
LF:2
LH:2
BRF:0
BRH:0
end_of_record
TN:
SF:/Users/vm137/WORK3/movies-db/src/client/components/Logo/index.jsx
FNF:0
FNH:0
LF:0
LH:0
BRF:0
BRH:0
end_of_record
TN:
SF:/Users/vm137/WORK3/movies-db/src/client/components/MainWindow/MainWindow.jsx
FN:7,(anonymous_0)
FN:20,(anonymous_1)
FN:25,(anonymous_2)
FN:26,(anonymous_3)
FN:34,(anonymous_4)
FN:41,(anonymous_5)
FN:47,(anonymous_6)
FNF:7
FNH:2
FNDA:3,(anonymous_0)
FNDA:0,(anonymous_1)
FNDA:0,(anonymous_2)
FNDA:0,(anonymous_3)
FNDA:0,(anonymous_4)
FNDA:0,(anonymous_5)
FNDA:3,(anonymous_6)
DA:8,3
DA:9,3
DA:15,3
DA:16,3
DA:17,3
DA:21,0
DA:22,0
DA:24,0
DA:25,0
DA:27,0
DA:35,0
DA:42,0
DA:50,3
DA:52,3
LF:14
LH:7
BRDA:20,0,0,0
BRDA:20,1,0,0
BRDA:20,2,0,0
BRDA:20,3,0,0
BRDA:49,4,0,0
BRDA:54,5,0,3
BRDA:54,5,1,0
BRF:7
BRH:1
end_of_record
TN:
SF:/Users/vm137/WORK3/movies-db/src/client/components/MainWindow/index.jsx
FNF:0
FNH:0
LF:0
LH:0
BRF:0
BRH:0
end_of_record
TN:
SF:/Users/vm137/WORK3/movies-db/src/client/components/MovieCard/MovieCard.jsx
FN:11,(anonymous_0)
FN:16,(anonymous_1)
FN:21,(anonymous_2)
FN:25,(anonymous_3)
FNF:4
FNH:2
FNDA:8,(anonymous_0)
FNDA:0,(anonymous_1)
FNDA:8,(anonymous_2)
FNDA:0,(anonymous_3)
DA:12,8
DA:13,8
DA:17,0
DA:18,0
DA:22,8
DA:24,8
LF:6
LH:4
BRF:0
BRH:0
end_of_record
TN:
SF:/Users/vm137/WORK3/movies-db/src/client/components/MovieCard/index.jsx
FNF:0
FNH:0
LF:0
LH:0
BRF:0
BRH:0
end_of_record
TN:
SF:/Users/vm137/WORK3/movies-db/src/client/components/SearchBlock/SearchBlock.jsx
FN:18,(anonymous_0)
FN:33,(anonymous_1)
FN:37,(anonymous_2)
FN:38,(anonymous_3)
FN:41,(anonymous_4)
FN:49,(anonymous_5)
FN:55,(anonymous_6)
FN:62,(anonymous_7)
FN:68,(anonymous_8)
FN:86,(anonymous_9)
FN:88,(anonymous_10)
FN:135,(anonymous_11)
FN:145,(anonymous_12)
FNF:13
FNH:4
FNDA:4,(anonymous_0)
FNDA:1,(anonymous_1)
FNDA:0,(anonymous_2)
FNDA:0,(anonymous_3)
FNDA:0,(anonymous_4)
FNDA:0,(anonymous_5)
FNDA:0,(anonymous_6)
FNDA:0,(anonymous_7)
FNDA:4,(anonymous_8)
FNDA:0,(anonymous_9)
FNDA:1,(anonymous_10)
FNDA:0,(anonymous_11)
FNDA:0,(anonymous_12)
DA:19,4
DA:20,4
DA:26,4
DA:27,4
DA:28,4
DA:29,4
DA:30,4
DA:34,1
DA:38,0
DA:42,0
DA:43,0
DA:44,0
DA:45,0
DA:46,0
DA:50,0
DA:56,0
DA:57,0
DA:63,0
DA:64,0
DA:69,4
DA:72,4
DA:73,4
DA:74,4
DA:76,4
DA:86,0
DA:88,1
LF:26
LH:14
BRDA:45,0,0,0
BRDA:45,0,1,0
BRDA:63,1,0,0
BRDA:63,1,1,0
BRDA:73,2,0,4
BRDA:73,2,1,0
BRDA:74,3,0,4
BRDA:74,3,1,0
BRDA:98,4,0,4
BRDA:98,4,1,0
BRDA:106,5,0,0
BRDA:106,5,1,4
BRDA:154,6,0,4
BRDA:154,6,1,0
BRF:14
BRH:5
end_of_record
TN:
SF:/Users/vm137/WORK3/movies-db/src/client/components/SearchBlock/index.jsx
FNF:0
FNH:0
LF:0
LH:0
BRF:0
BRH:0
end_of_record
TN:
SF:/Users/vm137/WORK3/movies-db/src/client/components/SearchResults/SearchResults.jsx
FN:6,(anonymous_0)
FN:8,(anonymous_1)
FNF:2
FNH:2
FNDA:2,(anonymous_0)
FNDA:4,(anonymous_1)
DA:6,4
DA:7,2
DA:9,4
DA:14,4
LF:4
LH:4
BRF:0
BRH:0
end_of_record
TN:
SF:/Users/vm137/WORK3/movies-db/src/client/components/SearchResults/index.jsx
FNF:0
FNH:0
LF:0
LH:0
BRF:0
BRH:0
end_of_record
TN:
SF:/Users/vm137/WORK3/movies-db/src/client/components/SingleMovie/SingleMovie.jsx
FN:12,(anonymous_0)
FN:20,(anonymous_1)
FN:25,(anonymous_2)
FN:26,(anonymous_3)
FN:33,(anonymous_4)
FN:38,(anonymous_5)
FNF:6
FNH:5
FNDA:2,(anonymous_0)
FNDA:1,(anonymous_1)
FNDA:1,(anonymous_2)
FNDA:1,(anonymous_3)
FNDA:0,(anonymous_4)
FNDA:3,(anonymous_5)
DA:13,2
DA:14,2
DA:17,2
DA:21,1
DA:22,1
DA:24,1
DA:25,1
DA:27,1
DA:34,0
DA:35,0
DA:39,3
DA:41,3
LF:12
LH:10
BRDA:51,0,0,3
BRDA:51,0,1,0
BRF:2
BRH:1
end_of_record
TN:
SF:/Users/vm137/WORK3/movies-db/src/client/components/SingleMovie/index.jsx
FNF:0
FNH:0
LF:0
LH:0
BRF:0
BRH:0
end_of_record
TN:
SF:/Users/vm137/WORK3/movies-db/src/client/components/Utils/Utils.jsx
FN:4,(anonymous_0)
FNF:1
FNH:1
FNDA:2,(anonymous_0)
DA:5,2
DA:6,1
LF:2
LH:2
BRDA:5,0,0,1
BRDA:5,0,1,1
BRF:2
BRH:2
end_of_record
TN:
SF:/Users/vm137/WORK3/movies-db/src/client/components/constants/constants.js
FNF:0
FNH:0
DA:1,3
LF:1
LH:1
BRF:0
BRH:0
end_of_record
